Info: Generated by version: 17.1 build 240
Info: Starting: Create block symbol file (.bsf)
Info: qsys-generate /home/blaise/dev/flexgraph/quartus/fp_mult.ip --block-symbol-file --output-directory=/home/blaise/dev/flexgraph/quartus/fp_mult --family="Arria 10" --part=10AX115N2F40E2LG
Info: fp_mult.fp_functions_0: /home/blaise/intelFPGA_pro/17.1/ip/altera/dsp/altera_fp_functions/source//cmdPolyEval.sh /home/blaise/intelFPGA_pro/17.1/quartus/dspba/backend/linux64 -target Arria10 -frequency 200 -name none -noChanValid -enable -enableHardFP 1 -printMachineReadable -noFileGenerate -correctRounding -speedgrade 2 FPMul 8 23
Info: fp_mult.fp_functions_0: /home/blaise/intelFPGA_pro/17.1/ip/altera/dsp/altera_fp_functions/source//cmdPolyEval.sh /home/blaise/intelFPGA_pro/17.1/quartus/dspba/backend/linux64 -target Arria10 -frequency 200 -name none -noChanValid -enable -enableHardFP 1 -printMachineReadable -noFileGenerate -correctRounding -speedgrade 2 FPMul 8 23
Info: qsys-generate succeeded.
Info: Finished: Create block symbol file (.bsf)
Info: 
Info: Starting: Create HDL design files for synthesis
Info: qsys-generate /home/blaise/dev/flexgraph/quartus/fp_mult.ip --synthesis=VERILOG --output-directory=/home/blaise/dev/flexgraph/quartus/fp_mult --family="Arria 10" --part=10AX115N2F40E2LG
Info: fp_mult.fp_functions_0: /home/blaise/intelFPGA_pro/17.1/ip/altera/dsp/altera_fp_functions/source//cmdPolyEval.sh /home/blaise/intelFPGA_pro/17.1/quartus/dspba/backend/linux64 -target Arria10 -frequency 200 -name none -noChanValid -enable -enableHardFP 1 -printMachineReadable -noFileGenerate -correctRounding -speedgrade 2 FPMul 8 23
Info: fp_mult.fp_functions_0: /home/blaise/intelFPGA_pro/17.1/ip/altera/dsp/altera_fp_functions/source//cmdPolyEval.sh /home/blaise/intelFPGA_pro/17.1/quartus/dspba/backend/linux64 -target Arria10 -frequency 200 -name none -noChanValid -enable -enableHardFP 1 -printMachineReadable -noFileGenerate -correctRounding -speedgrade 2 FPMul 8 23
Info: fp_mult: "Transforming system: fp_mult"
Info: fp_mult: Running transform generation_view_transform
Info: fp_mult: Running transform generation_view_transform took 0.003s
Info: fp_functions_0: Running transform generation_view_transform
Info: fp_functions_0: Running transform generation_view_transform took 0.001s
Info: fp_mult: Running transform interconnect_transform_chooser
Info: fp_mult: Running transform interconnect_transform_chooser took 0.117s
Info: fp_mult: "Naming system components in system: fp_mult"
Info: fp_mult: "Processing generation queue"
Info: fp_mult: "Generating: fp_mult"
Info: fp_mult: "Generating: fp_mult_altera_fp_functions_171_z2kbsra"
Info: fp_functions_0: /home/blaise/intelFPGA_pro/17.1/ip/altera/dsp/altera_fp_functions/source//cmdPolyEval.sh /home/blaise/intelFPGA_pro/17.1/quartus/dspba/backend/linux64 -target Arria10 -frequency 200 -name fp_mult_altera_fp_functions_171_z2kbsra -noChanValid -enable -enableHardFP 1 -printMachineReadable -lang VHDL -correctRounding -speedgrade 2 FPMul 8 23
Info: fp_functions_0: Latency on Arria 10 is 3 cycles
Info: fp_functions_0: DSP Blocks Used: 2
Info: fp_functions_0: LUTs Used: 0
Info: fp_functions_0: Memory Bits Used: 0
Info: fp_functions_0: Memory Blocks Used: 0
Info: fp_mult: Done "fp_mult" with 2 modules, 4 files
Info: qsys-generate succeeded.
Info: Finished: Create HDL design files for synthesis
Info: Starting: Generate IP Core Documentation
Info: No documentation filesets were found for components in fp_mult. No files generated.
Info: Finished: Generate IP Core Documentation
