This is pdfTeX, Version 3.1415926-2.5-1.40.14 (TeX Live 2013/Debian) (format=latex 2017.8.24)  10 NOV 2017 04:18
entering extended mode
 restricted \write18 enabled.
 %&-line parsing enabled.
**main.tex
(./main.tex
LaTeX2e <2011/06/27>
Babel <3.9h> and hyphenation patterns for 4 languages loaded.
(./IEEEtran.cls
Document Class: IEEEtran 2007/03/05 V1.7a by Michael Shell
-- See the "IEEEtran_HOWTO" manual for usage information.
-- http://www.michaelshell.org/tex/ieeetran/
\@IEEEtrantmpdimenA=\dimen102
\@IEEEtrantmpdimenB=\dimen103
\@IEEEtrantmpcountA=\count79
\@IEEEtrantmpcountB=\count80
\@IEEEtrantmptoksA=\toks14
LaTeX Font Info:    Try loading font information for OT1+ptm on input line 377.

(/usr/share/texlive/texmf-dist/tex/latex/psnfss/ot1ptm.fd
File: ot1ptm.fd 2001/06/04 font definitions for OT1/ptm.
)
-- Using 8.5in x 11in (letter) paper.
-- Using DVI output.
\@IEEEnormalsizeunitybaselineskip=\dimen104
-- This is a 10 point document.
\CLASSINFOnormalsizebaselineskip=\dimen105
\CLASSINFOnormalsizeunitybaselineskip=\dimen106
\IEEEnormaljot=\dimen107
LaTeX Font Info:    Font shape `OT1/ptm/bx/n' in size <5> not available
(Font)              Font shape `OT1/ptm/b/n' tried instead on input line 735.
LaTeX Font Info:    Font shape `OT1/ptm/bx/it' in size <5> not available
(Font)              Font shape `OT1/ptm/b/it' tried instead on input line 735.
LaTeX Font Info:    Font shape `OT1/ptm/bx/n' in size <7> not available
(Font)              Font shape `OT1/ptm/b/n' tried instead on input line 735.
LaTeX Font Info:    Font shape `OT1/ptm/bx/it' in size <7> not available
(Font)              Font shape `OT1/ptm/b/it' tried instead on input line 735.
LaTeX Font Info:    Font shape `OT1/ptm/bx/n' in size <8> not available
(Font)              Font shape `OT1/ptm/b/n' tried instead on input line 735.
LaTeX Font Info:    Font shape `OT1/ptm/bx/it' in size <8> not available
(Font)              Font shape `OT1/ptm/b/it' tried instead on input line 735.
LaTeX Font Info:    Font shape `OT1/ptm/bx/n' in size <9> not available
(Font)              Font shape `OT1/ptm/b/n' tried instead on input line 735.
LaTeX Font Info:    Font shape `OT1/ptm/bx/it' in size <9> not available
(Font)              Font shape `OT1/ptm/b/it' tried instead on input line 735.
LaTeX Font Info:    Font shape `OT1/ptm/bx/n' in size <10> not available
(Font)              Font shape `OT1/ptm/b/n' tried instead on input line 735.
LaTeX Font Info:    Font shape `OT1/ptm/bx/it' in size <10> not available
(Font)              Font shape `OT1/ptm/b/it' tried instead on input line 735.
LaTeX Font Info:    Font shape `OT1/ptm/bx/n' in size <11> not available
(Font)              Font shape `OT1/ptm/b/n' tried instead on input line 735.
LaTeX Font Info:    Font shape `OT1/ptm/bx/it' in size <11> not available
(Font)              Font shape `OT1/ptm/b/it' tried instead on input line 735.
LaTeX Font Info:    Font shape `OT1/ptm/bx/n' in size <12> not available
(Font)              Font shape `OT1/ptm/b/n' tried instead on input line 735.
LaTeX Font Info:    Font shape `OT1/ptm/bx/it' in size <12> not available
(Font)              Font shape `OT1/ptm/b/it' tried instead on input line 735.
LaTeX Font Info:    Font shape `OT1/ptm/bx/n' in size <17> not available
(Font)              Font shape `OT1/ptm/b/n' tried instead on input line 735.
LaTeX Font Info:    Font shape `OT1/ptm/bx/it' in size <17> not available
(Font)              Font shape `OT1/ptm/b/it' tried instead on input line 735.
LaTeX Font Info:    Font shape `OT1/ptm/bx/n' in size <20> not available
(Font)              Font shape `OT1/ptm/b/n' tried instead on input line 735.
LaTeX Font Info:    Font shape `OT1/ptm/bx/it' in size <20> not available
(Font)              Font shape `OT1/ptm/b/it' tried instead on input line 735.
LaTeX Font Info:    Font shape `OT1/ptm/bx/n' in size <24> not available
(Font)              Font shape `OT1/ptm/b/n' tried instead on input line 735.
LaTeX Font Info:    Font shape `OT1/ptm/bx/it' in size <24> not available
(Font)              Font shape `OT1/ptm/b/it' tried instead on input line 735.
\IEEEilabelindentA=\dimen108
\IEEEilabelindentB=\dimen109
\IEEEilabelindent=\dimen110
\IEEEelabelindent=\dimen111
\IEEEdlabelindent=\dimen112
\IEEElabelindent=\dimen113
\IEEEiednormlabelsep=\dimen114
\IEEEiedmathlabelsep=\dimen115
\IEEEiedtopsep=\skip41
\c@section=\count81
\c@subsection=\count82
\c@subsubsection=\count83
\c@paragraph=\count84
\c@IEEEsubequation=\count85
\abovecaptionskip=\skip42
\belowcaptionskip=\skip43
\c@figure=\count86
\c@table=\count87
\@IEEEeqnnumcols=\count88
\@IEEEeqncolcnt=\count89
\@IEEEtmpitemindent=\dimen116
\c@IEEEbiography=\count90
\@IEEEtranrubishbin=\box26
) (/usr/share/texlive/texmf-dist/tex/latex/listings/listings.sty
(/usr/share/texlive/texmf-dist/tex/latex/graphics/keyval.sty
Package: keyval 1999/03/16 v1.13 key=value parser (DPC)
\KV@toks@=\toks15
)
\lst@mode=\count91
\lst@gtempboxa=\box27
\lst@token=\toks16
\lst@length=\count92
\lst@currlwidth=\dimen117
\lst@column=\count93
\lst@pos=\count94
\lst@lostspace=\dimen118
\lst@width=\dimen119
\lst@newlines=\count95
\lst@lineno=\count96
\lst@maxwidth=\dimen120

(/usr/share/texlive/texmf-dist/tex/latex/listings/lstmisc.sty
File: lstmisc.sty 2013/08/26 1.5b (Carsten Heinz)
\c@lstnumber=\count97
\lst@skipnumbers=\count98
\lst@framebox=\box28
)
(/usr/share/texlive/texmf-dist/tex/latex/listings/listings.cfg
File: listings.cfg 2013/08/26 1.5b listings configuration
))
Package: listings 2013/08/26 1.5b (Carsten Heinz)

(/usr/share/texlive/texmf-dist/tex/latex/graphics/color.sty
Package: color 2005/11/14 v1.0j Standard LaTeX Color (DPC)

(/usr/share/texlive/texmf-dist/tex/latex/latexconfig/color.cfg
File: color.cfg 2007/01/18 v1.5 color configuration of teTeX/TeXLive
)
Package color Info: Driver file: dvips.def on input line 130.

(/usr/share/texlive/texmf-dist/tex/latex/graphics/dvips.def
File: dvips.def 1999/02/16 v3.0i Driver-dependant file (DPC,SPQR)
)
(/usr/share/texlive/texmf-dist/tex/latex/graphics/dvipsnam.def
File: dvipsnam.def 1999/02/16 v3.0i Driver-dependant file (DPC,SPQR)
))
(/usr/share/texlive/texmf-dist/tex/latex/listings/lstlang1.sty
File: lstlang1.sty 2013/08/26 1.5b listings language file
)
(/usr/share/texlive/texmf-dist/tex/latex/url/url.sty
\Urlmuskip=\muskip10
Package: url 2013/09/16  ver 3.4  Verb mode for urls, etc.
)
(/usr/share/texlive/texmf-dist/tex/latex/base/alltt.sty
Package: alltt 1997/06/16 v2.0g defines alltt environment
)
(/usr/share/texlive/texmf-dist/tex/latex/graphics/epsfig.sty
Package: epsfig 1999/02/16 v1.7a (e)psfig emulation (SPQR)

(/usr/share/texlive/texmf-dist/tex/latex/graphics/graphicx.sty
Package: graphicx 1999/02/16 v1.0f Enhanced LaTeX Graphics (DPC,SPQR)

(/usr/share/texlive/texmf-dist/tex/latex/graphics/graphics.sty
Package: graphics 2009/02/05 v1.0o Standard LaTeX Graphics (DPC,SPQR)

(/usr/share/texlive/texmf-dist/tex/latex/graphics/trig.sty
Package: trig 1999/03/16 v1.09 sin cos tan (DPC)
)
(/usr/share/texlive/texmf-dist/tex/latex/latexconfig/graphics.cfg
File: graphics.cfg 2010/04/23 v1.9 graphics configuration of TeX Live
)
Package graphics Info: Driver file: dvips.def on input line 91.
)
\Gin@req@height=\dimen121
\Gin@req@width=\dimen122
)
\epsfxsize=\dimen123
\epsfysize=\dimen124
)
(/usr/share/texlive/texmf-dist/tex/latex/psnfss/times.sty
Package: times 2005/04/12 PSNFSS-v9.2a (SPQR) 
)
(/usr/share/texlive/texmf-dist/tex/latex/fancyhdr/fancyhdr.sty
\fancy@headwidth=\skip44
\f@ncyO@elh=\skip45
\f@ncyO@erh=\skip46
\f@ncyO@olh=\skip47
\f@ncyO@orh=\skip48
\f@ncyO@elf=\skip49
\f@ncyO@erf=\skip50
\f@ncyO@olf=\skip51
\f@ncyO@orf=\skip52
)
(/usr/share/texlive/texmf-dist/tex/latex/amsmath/amsmath.sty
Package: amsmath 2013/01/14 v2.14 AMS math features
\@mathmargin=\skip53

For additional information on amsmath, use the `?' option.
(/usr/share/texlive/texmf-dist/tex/latex/amsmath/amstext.sty
Package: amstext 2000/06/29 v2.01

(/usr/share/texlive/texmf-dist/tex/latex/amsmath/amsgen.sty
File: amsgen.sty 1999/11/30 v2.0
\@emptytoks=\toks17
\ex@=\dimen125
))
(/usr/share/texlive/texmf-dist/tex/latex/amsmath/amsbsy.sty
Package: amsbsy 1999/11/29 v1.2d
\pmbraise@=\dimen126
)
(/usr/share/texlive/texmf-dist/tex/latex/amsmath/amsopn.sty
Package: amsopn 1999/12/14 v2.01 operator names
)
\inf@bad=\count99
LaTeX Info: Redefining \frac on input line 210.
\uproot@=\count100
\leftroot@=\count101
LaTeX Info: Redefining \overline on input line 306.
\classnum@=\count102
\DOTSCASE@=\count103
LaTeX Info: Redefining \ldots on input line 378.
LaTeX Info: Redefining \dots on input line 381.
LaTeX Info: Redefining \cdots on input line 466.
\Mathstrutbox@=\box29
\strutbox@=\box30
\big@size=\dimen127
LaTeX Font Info:    Redeclaring font encoding OML on input line 566.
LaTeX Font Info:    Redeclaring font encoding OMS on input line 567.
\macc@depth=\count104
\c@MaxMatrixCols=\count105
\dotsspace@=\muskip11
\c@parentequation=\count106
\dspbrk@lvl=\count107
\tag@help=\toks18
\row@=\count108
\column@=\count109
\maxfields@=\count110
\andhelp@=\toks19
\eqnshift@=\dimen128
\alignsep@=\dimen129
\tagshift@=\dimen130
\tagwidth@=\dimen131
\totwidth@=\dimen132
\lineht@=\dimen133
\@envbody=\toks20
\multlinegap=\skip54
\multlinetaggap=\skip55
\mathdisplay@stack=\toks21
LaTeX Info: Redefining \[ on input line 2665.
LaTeX Info: Redefining \] on input line 2666.
) (./main.aux)
\openout1 = `main.aux'.

LaTeX Font Info:    Checking defaults for OML/cmm/m/it on input line 418.
LaTeX Font Info:    ... okay on input line 418.
LaTeX Font Info:    Checking defaults for T1/cmr/m/n on input line 418.
LaTeX Font Info:    ... okay on input line 418.
LaTeX Font Info:    Checking defaults for OT1/cmr/m/n on input line 418.
LaTeX Font Info:    ... okay on input line 418.
LaTeX Font Info:    Checking defaults for OMS/cmsy/m/n on input line 418.
LaTeX Font Info:    ... okay on input line 418.
LaTeX Font Info:    Checking defaults for OMX/cmex/m/n on input line 418.
LaTeX Font Info:    ... okay on input line 418.
LaTeX Font Info:    Checking defaults for U/cmr/m/n on input line 418.
LaTeX Font Info:    ... okay on input line 418.
\c@lstlisting=\count111

(./abstract.tex

LaTeX Warning: Citation `Dark-Silicon' on page 1 undefined on input line 3.


LaTeX Warning: Citation `Catapult' on page 1 undefined on input line 3.


LaTeX Warning: Citation `Intel-FPGA' on page 1 undefined on input line 3.


LaTeX Warning: Citation `IBM-FPGA' on page 1 undefined on input line 3.


LaTeX Warning: Citation `GraphMat' on page 1 undefined on input line 3.


LaTeX Warning: Citation `Cocoh' on page 1 undefined on input line 3.

) (./introduction.tex

LaTeX Warning: Citation `Dark-Silicon' on page 1 undefined on input line 3.


LaTeX Warning: Citation `Catapult' on page 1 undefined on input line 3.


LaTeX Warning: Citation `Intel-FPGA' on page 1 undefined on input line 4.


LaTeX Warning: Citation `IBM-FPGA' on page 1 undefined on input line 4.


LaTeX Warning: Citation `BigData' on page 1 undefined on input line 4.


LaTeX Warning: Citation `GraphX' on page 1 undefined on input line 4.


LaTeX Warning: Citation `Galois' on page 1 undefined on input line 4.


LaTeX Warning: Citation `GraphMat' on page 1 undefined on input line 4.


LaTeX Warning: Citation `Pregel' on page 1 undefined on input line 4.


LaTeX Warning: Citation `GraphLab' on page 1 undefined on input line 4.


LaTeX Warning: Citation `Graphicionado' on page 1 undefined on input line 4.


LaTeX Warning: Citation `Tesseract' on page 1 undefined on input line 4.


LaTeX Warning: Citation `GraphOps' on page 1 undefined on input line 4.


LaTeX Warning: Citation `GraphMat' on page 1 undefined on input line 4.


LaTeX Warning: Citation `GraphMat' on page 1 undefined on input line 4.


LaTeX Warning: Citation `Pregel' on page 1 undefined on input line 4.


LaTeX Warning: Citation `GraphLab' on page 1 undefined on input line 4.


LaTeX Warning: Citation `Cocoh' on page 1 undefined on input line 4.


LaTeX Warning: Citation `CHDL' on page 1 undefined on input line 4.


LaTeX Warning: Citation `Chisel' on page 1 undefined on input line 4.


LaTeX Warning: Citation `SystemC' on page 1 undefined on input line 4.


LaTeX Warning: Citation `BlueSpec' on page 1 undefined on input line 4.


LaTeX Warning: Citation `MyHDL' on page 1 undefined on input line 4.


LaTeX Warning: Citation `JHDL' on page 1 undefined on input line 4.


LaTeX Warning: Citation `Esterel' on page 1 undefined on input line 4.


LaTeX Warning: Citation `Chisel' on page 1 undefined on input line 4.


LaTeX Warning: Citation `SystemC' on page 1 undefined on input line 4.


LaTeX Warning: Citation `BlueSpec' on page 1 undefined on input line 4.


LaTeX Warning: Citation `Esterel' on page 1 undefined on input line 4.


LaTeX Warning: Citation `CHDL' on page 1 undefined on input line 4.


LaTeX Warning: Citation `Intel-FPGA' on page 1 undefined on input line 4.

) (./mechanism.tex [1


]

! LaTeX Error: File `figures/graph_vertex_programming' not found.

See the LaTeX manual or LaTeX Companion for explanation.
Type  H <return>  for immediate help.
 ...                                              
                                                  
l.8 ...extwidth]{figures/graph_vertex_programming}
                                                  
I could not locate the file with any of these extensions:
.eps,.ps,.eps.gz,.ps.gz,.eps.Z
Try typing  <return>  to proceed.
If that doesn't work, type  X <return>  to quit.


LaTeX Warning: Citation `GraphMat' on page 2 undefined on input line 13.


LaTeX Warning: Citation `BFS' on page 2 undefined on input line 13.


LaTeX Warning: Citation `PageRank' on page 2 undefined on input line 13.


LaTeX Warning: Citation `SSSP' on page 2 undefined on input line 13.


! LaTeX Error: File `figures/DCSC_matrix_format' not found.

See the LaTeX manual or LaTeX Companion for explanation.
Type  H <return>  for immediate help.
 ...                                              
                                                  
l.18 ...0.4\textwidth]{figures/DCSC_matrix_format}
                                                  
I could not locate the file with any of these extensions:
.eps,.ps,.eps.gz,.ps.gz,.eps.Z
Try typing  <return>  to proceed.
If that doesn't work, type  X <return>  to quit.


LaTeX Warning: Citation `DCSC' on page 2 undefined on input line 23.

LaTeX Font Info:    Try loading font information for OMS+ptm on input line 23.
(/usr/share/texlive/texmf-dist/tex/latex/psnfss/omsptm.fd
File: omsptm.fd 
)
LaTeX Font Info:    Font shape `OMS/ptm/m/n' in size <10> not available
(Font)              Font shape `OMS/cmsy/m/n' tried instead on input line 23.


LaTeX Warning: Citation `CSC' on page 2 undefined on input line 23.

LaTeX Font Info:    Font shape `OMS/ptm/m/n' in size <8> not available
(Font)              Font shape `OMS/cmsy/m/n' tried instead on input line 30.
) (./evaluation.tex) (./related_work.tex) (./future_work.tex) (./conclusion.tex
) (./acknowledgment.tex)
Underfull \hbox (badness 3954) in paragraph at lines 3--528
[]\OT1/ptm/m/n/10 The au-thors grate-fully ac-knowl-edge the in-sight-ful
 []


Underfull \hbox (badness 10000) in paragraph at lines 3--528

 []


Underfull \hbox (badness 2359) in paragraph at lines 3--528
\OT1/ptm/m/n/10 This re-search was sup-ported Lex-is-Nexis Inc. and a
 []

[2] (./main.bbl
Missing character: There is no Å in font ptmr7t!
Missing character: There is no ¾ in font ptmr7t!
Missing character: There is no Ä in font ptmr7t!
Missing character: There is no ‡ in font ptmr7t!

Underfull \hbox (badness 10000) in paragraph at lines 56--60
[]\OT1/ptm/m/n/8 Y. L. Fei Chen.  Fpga ac-cel-er-a-tion in a power8
 []


Underfull \hbox (badness 10000) in paragraph at lines 56--60
\OT1/ptm/m/n/8 cloud.  $https : / / openpowerfoundation . org / blogs /
 []

Missing character: There is no Â in font ptmr7t!
Missing character: There is no ­ in font ptmr7t!
)

** Conference Paper **
Before submitting the final camera ready copy, remember to:

 1. Manually equalize the lengths of two columns on the last page
 of your paper;

 2. Ensure that any PostScript and/or PDF output post-processing
 uses only Type 1 fonts and that every step in the generation
 process uses the appropriate paper size.

[3] (./main.aux)

LaTeX Warning: There were undefined references.


LaTeX Warning: Label(s) may have changed. Rerun to get cross-references right.

 ) 
Here is how much of TeX's memory you used:
 3730 strings out of 494986
 53671 string characters out of 6180382
 207471 words of memory out of 5000000
 6904 multiletter control sequences out of 15000+600000
 28363 words of font info for 65 fonts, out of 8000000 for 9000
 39 hyphenation exceptions out of 8191
 32i,9n,47p,3087b,1138s stack positions out of 5000i,500n,10000p,200000b,80000s

Output written on main.dvi (3 pages, 28152 bytes).
